<?xml version="1.0" encoding="UTF-8"?>
<!-- Generated by org.testng.reporters.JUnitXMLReporter -->
<testsuite hostname="DESKTOP-T3R8PGS" name="Parallel test1" tests="2" failures="1" timestamp="2 Aug 2022 15:09:57 GMT" time="39.69" errors="0">
  <testcase name="testGoogleSearch" time="0.215" classname="test.TestNGParallelExecution">
    <failure type="java.lang.IllegalStateException" message="The driver executable must exist: C:\EnvisionWorkspace\SeleniumProject\driver\chromedriver.exe">
      <![CDATA[java.lang.IllegalStateException: The driver executable must exist: C:\EnvisionWorkspace\SeleniumProject\driver\chromedriver.exe
	at org.openqa.selenium.internal.Require$FileStateChecker.isFile(Require.java:342)
	at org.openqa.selenium.remote.service.DriverService.checkExecutable(DriverService.java:147)
	at org.openqa.selenium.remote.service.DriverService.findExecutable(DriverService.java:142)
	at org.openqa.selenium.chrome.ChromeDriverService.access$000(ChromeDriverService.java:39)
	at org.openqa.selenium.chrome.ChromeDriverService$Builder.findDefaultExecutable(ChromeDriverService.java:233)
	at org.openqa.selenium.remote.service.DriverService$Builder.build(DriverService.java:437)
	at org.openqa.selenium.chrome.ChromeDriverService.createDefaultService(ChromeDriverService.java:128)
	at org.openqa.selenium.chrome.ChromeDriver.<init>(ChromeDriver.java:49)
	at test.TestNGParallelExecution.testGoogleSearch(TestNGParallelExecution.java:58)
	at java.util.concurrent.FutureTask.run(Unknown Source)
	at java.util.concurrent.ThreadPoolExecutor.runWorker(Unknown Source)
	at java.util.concurrent.ThreadPoolExecutor$Worker.run(Unknown Source)
	at java.lang.Thread.run(Unknown Source)
... Removed 16 stack frames]]>
    </failure>
  </testcase> <!-- testGoogleSearch -->
  <testcase name="testHardAssertion" time="39.408" classname="test.TestNGParallelExecution"/>
</testsuite> <!-- Parallel test1 -->
